Connecting to database specified by database.yml
  [1m[36m (13.4ms)[0m  [1mSELECT "schema_migrations"."version" FROM "schema_migrations" [0m
Migrating to CreateMovies (20111119180638)
  [1m[35m (0.2ms)[0m  select sqlite_version(*)
  [1m[36m (0.2ms)[0m  [1mSELECT "schema_migrations"."version" FROM "schema_migrations" [0m
Connecting to database specified by database.yml
  [1m[36m (3.1ms)[0m  [1mSELECT "schema_migrations"."version" FROM "schema_migrations" [0m
  [1m[35m (0.4ms)[0m  select sqlite_version(*)
  [1m[36m (13.8ms)[0m  [1mCREATE TABLE "movies" ("id" INTEGER PRIMARY KEY AUTOINCREMENT NOT NULL, "title" varchar(255), "rating" varchar(255), "description" text, "release_date" datetime, "created_at" datetime, "updated_at" datetime) [0m
  [1m[35m (10.0ms)[0m  CREATE TABLE "schema_migrations" ("version" varchar(255) NOT NULL) 
  [1m[36m (11.4ms)[0m  [1mCREATE UNIQUE INDEX "unique_schema_migrations" ON "schema_migrations" ("version")[0m
  [1m[35m (0.1ms)[0m  SELECT version FROM "schema_migrations"
  [1m[36m (8.6ms)[0m  [1mINSERT INTO "schema_migrations" (version) VALUES ('20120130161449')[0m
  [1m[35m (9.5ms)[0m  INSERT INTO "schema_migrations" (version) VALUES ('20111119180638')
Connecting to database specified by database.yml
  [1m[36m (2.8ms)[0m  [1mSELECT "schema_migrations"."version" FROM "schema_migrations" [0m
  [1m[35m (0.3ms)[0m  select sqlite_version(*)
  [1m[36m (12.0ms)[0m  [1mCREATE TABLE "movies" ("id" INTEGER PRIMARY KEY AUTOINCREMENT NOT NULL, "title" varchar(255), "rating" varchar(255), "description" text, "release_date" datetime, "created_at" datetime, "updated_at" datetime) [0m
  [1m[35m (15.3ms)[0m  CREATE TABLE "schema_migrations" ("version" varchar(255) NOT NULL) 
  [1m[36m (14.6ms)[0m  [1mCREATE UNIQUE INDEX "unique_schema_migrations" ON "schema_migrations" ("version")[0m
  [1m[35m (0.1ms)[0m  SELECT version FROM "schema_migrations"
  [1m[36m (7.8ms)[0m  [1mINSERT INTO "schema_migrations" (version) VALUES ('20120130161449')[0m
  [1m[35m (7.8ms)[0m  INSERT INTO "schema_migrations" (version) VALUES ('20111119180638')
Connecting to database specified by database.yml
Connecting to database specified by database.yml
Connecting to database specified by database.yml
  [1m[36m (7.0ms)[0m  [1mSELECT "schema_migrations"."version" FROM "schema_migrations" [0m
Connecting to database specified by database.yml
  [1m[36m (10.4ms)[0m  [1mSELECT "schema_migrations"."version" FROM "schema_migrations" [0m
Migrating to CreateMovies (20111119180638)
Migrating to AddDirectorToMovies (20160401214949)
  [1m[35m (0.1ms)[0m  select sqlite_version(*)
  [1m[36m (0.1ms)[0m  [1mbegin transaction[0m
  [1m[35m (0.7ms)[0m  ALTER TABLE "movies" ADD "director" varchar(255)
  [1m[36m (0.1ms)[0m  [1mINSERT INTO "schema_migrations" ("version") VALUES ('20160401214949')[0m
  [1m[35m (13.6ms)[0m  commit transaction
  [1m[36m (0.3ms)[0m  [1mSELECT "schema_migrations"."version" FROM "schema_migrations" [0m
Connecting to database specified by database.yml
  [1m[36m (12.1ms)[0m  [1mSELECT "schema_migrations"."version" FROM "schema_migrations" [0m
Migrating to CreateMovies (20111119180638)
Migrating to AddDirectorToMovies (20160401214949)
  [1m[35m (0.2ms)[0m  select sqlite_version(*)
  [1m[36m (0.2ms)[0m  [1mSELECT "schema_migrations"."version" FROM "schema_migrations" [0m


Started GET "/" for 165.91.188.64 at 2016-04-01 23:40:40 +0000
Connecting to database specified by database.yml

ActionController::RoutingError (No route matches [GET] "/"):
  actionpack (3.2.18) lib/action_dispatch/middleware/debug_exceptions.rb:21:in `call'
  actionpack (3.2.18) lib/action_dispatch/middleware/show_exceptions.rb:56:in `call'
  railties (3.2.18) lib/rails/rack/logger.rb:32:in `call_app'
  railties (3.2.18) lib/rails/rack/logger.rb:16:in `block in call'
  activesupport (3.2.18) lib/active_support/tagged_logging.rb:22:in `tagged'
  railties (3.2.18) lib/rails/rack/logger.rb:16:in `call'
  actionpack (3.2.18) lib/action_dispatch/middleware/request_id.rb:22:in `call'
  rack (1.4.5) lib/rack/methodoverride.rb:21:in `call'
  rack (1.4.5) lib/rack/runtime.rb:17:in `call'
  activesupport (3.2.18) lib/active_support/cache/strategy/local_cache.rb:72:in `call'
  rack (1.4.5) lib/rack/lock.rb:15:in `call'
  actionpack (3.2.18) lib/action_dispatch/middleware/static.rb:63:in `call'
  railties (3.2.18) lib/rails/engine.rb:484:in `call'
  railties (3.2.18) lib/rails/application.rb:231:in `call'
  rack (1.4.5) lib/rack/content_length.rb:14:in `call'
  railties (3.2.18) lib/rails/rack/log_tailer.rb:17:in `call'
  rack (1.4.5) lib/rack/handler/webrick.rb:59:in `service'
  /usr/local/rvm/rubies/ruby-1.9.3-p551/lib/ruby/1.9.1/webrick/httpserver.rb:138:in `service'
  /usr/local/rvm/rubies/ruby-1.9.3-p551/lib/ruby/1.9.1/webrick/httpserver.rb:94:in `run'
  /usr/local/rvm/rubies/ruby-1.9.3-p551/lib/ruby/1.9.1/webrick/server.rb:191:in `block in start_thread'


  Rendered /usr/local/rvm/gems/ruby-1.9.3-p551/gems/actionpack-3.2.18/lib/action_dispatch/middleware/templates/rescues/routing_error.erb within rescues/layout (126.2ms)


Started GET "/" for 165.91.188.64 at 2016-04-01 23:41:34 +0000

ActionController::RoutingError (No route matches [GET] "/"):
  actionpack (3.2.18) lib/action_dispatch/middleware/debug_exceptions.rb:21:in `call'
  actionpack (3.2.18) lib/action_dispatch/middleware/show_exceptions.rb:56:in `call'
  railties (3.2.18) lib/rails/rack/logger.rb:32:in `call_app'
  railties (3.2.18) lib/rails/rack/logger.rb:16:in `block in call'
  activesupport (3.2.18) lib/active_support/tagged_logging.rb:22:in `tagged'
  railties (3.2.18) lib/rails/rack/logger.rb:16:in `call'
  actionpack (3.2.18) lib/action_dispatch/middleware/request_id.rb:22:in `call'
  rack (1.4.5) lib/rack/methodoverride.rb:21:in `call'
  rack (1.4.5) lib/rack/runtime.rb:17:in `call'
  activesupport (3.2.18) lib/active_support/cache/strategy/local_cache.rb:72:in `call'
  rack (1.4.5) lib/rack/lock.rb:15:in `call'
  actionpack (3.2.18) lib/action_dispatch/middleware/static.rb:63:in `call'
  railties (3.2.18) lib/rails/engine.rb:484:in `call'
  railties (3.2.18) lib/rails/application.rb:231:in `call'
  rack (1.4.5) lib/rack/content_length.rb:14:in `call'
  railties (3.2.18) lib/rails/rack/log_tailer.rb:17:in `call'
  rack (1.4.5) lib/rack/handler/webrick.rb:59:in `service'
  /usr/local/rvm/rubies/ruby-1.9.3-p551/lib/ruby/1.9.1/webrick/httpserver.rb:138:in `service'
  /usr/local/rvm/rubies/ruby-1.9.3-p551/lib/ruby/1.9.1/webrick/httpserver.rb:94:in `run'
  /usr/local/rvm/rubies/ruby-1.9.3-p551/lib/ruby/1.9.1/webrick/server.rb:191:in `block in start_thread'


  Rendered /usr/local/rvm/gems/ruby-1.9.3-p551/gems/actionpack-3.2.18/lib/action_dispatch/middleware/templates/rescues/routing_error.erb within rescues/layout (1.1ms)


Started GET "/movies" for 165.91.188.64 at 2016-04-01 23:41:42 +0000
Processing by MoviesController#index as HTML
  [1m[36mMovie Load (0.4ms)[0m  [1mSELECT "movies".* FROM "movies" WHERE "movies"."rating" IN ('G', 'PG', 'PG-13', 'NC-17', 'R')[0m
  Rendered movies/index.html.haml within layouts/application (141.7ms)
Compiled application.css  (0ms)  (pid 27036)
Compiled jquery.js  (2ms)  (pid 27036)
Compiled jquery_ujs.js  (0ms)  (pid 27036)
Compiled application.js  (186ms)  (pid 27036)
Completed 200 OK in 956.7ms (Views: 540.5ms | ActiveRecord: 171.2ms)


Started GET "/assets/application.css?body=1" for 165.91.188.64 at 2016-04-01 23:41:43 +0000
Served asset /application.css - 200 OK (3ms)


Started GET "/assets/jquery.js?body=1" for 165.91.188.64 at 2016-04-01 23:41:43 +0000
Served asset /jquery.js - 200 OK (5ms)


Started GET "/assets/jquery_ujs.js?body=1" for 165.91.188.64 at 2016-04-01 23:41:43 +0000
Served asset /jquery_ujs.js - 200 OK (3ms)


Started GET "/assets/application.js?body=1" for 165.91.188.64 at 2016-04-01 23:41:43 +0000
Served asset /application.js - 200 OK (7ms)


Started GET "/movies/1" for 165.91.188.64 at 2016-04-01 23:41:52 +0000
Processing by MoviesController#show as HTML
  Parameters: {"id"=>"1"}
  [1m[35mMovie Load (0.4ms)[0m  SELECT "movies".* FROM "movies" WHERE "movies"."id" = ? LIMIT 1  [["id", "1"]]
  Rendered movies/show.html.haml within layouts/application (4.2ms)
Completed 200 OK in 14.7ms (Views: 11.0ms | ActiveRecord: 0.4ms)


Started GET "/" for 165.91.188.64 at 2016-04-01 23:47:47 +0000
Connecting to database specified by database.yml

ActionController::RoutingError (No route matches [GET] "/"):
  actionpack (3.2.18) lib/action_dispatch/middleware/debug_exceptions.rb:21:in `call'
  actionpack (3.2.18) lib/action_dispatch/middleware/show_exceptions.rb:56:in `call'
  railties (3.2.18) lib/rails/rack/logger.rb:32:in `call_app'
  railties (3.2.18) lib/rails/rack/logger.rb:16:in `block in call'
  activesupport (3.2.18) lib/active_support/tagged_logging.rb:22:in `tagged'
  railties (3.2.18) lib/rails/rack/logger.rb:16:in `call'
  actionpack (3.2.18) lib/action_dispatch/middleware/request_id.rb:22:in `call'
  rack (1.4.5) lib/rack/methodoverride.rb:21:in `call'
  rack (1.4.5) lib/rack/runtime.rb:17:in `call'
  activesupport (3.2.18) lib/active_support/cache/strategy/local_cache.rb:72:in `call'
  rack (1.4.5) lib/rack/lock.rb:15:in `call'
  actionpack (3.2.18) lib/action_dispatch/middleware/static.rb:63:in `call'
  railties (3.2.18) lib/rails/engine.rb:484:in `call'
  railties (3.2.18) lib/rails/application.rb:231:in `call'
  rack (1.4.5) lib/rack/content_length.rb:14:in `call'
  railties (3.2.18) lib/rails/rack/log_tailer.rb:17:in `call'
  rack (1.4.5) lib/rack/handler/webrick.rb:59:in `service'
  /usr/local/rvm/rubies/ruby-1.9.3-p551/lib/ruby/1.9.1/webrick/httpserver.rb:138:in `service'
  /usr/local/rvm/rubies/ruby-1.9.3-p551/lib/ruby/1.9.1/webrick/httpserver.rb:94:in `run'
  /usr/local/rvm/rubies/ruby-1.9.3-p551/lib/ruby/1.9.1/webrick/server.rb:191:in `block in start_thread'


  Rendered /usr/local/rvm/gems/ruby-1.9.3-p551/gems/actionpack-3.2.18/lib/action_dispatch/middleware/templates/rescues/routing_error.erb within rescues/layout (69.8ms)


Started GET "/movies" for 165.91.188.64 at 2016-04-01 23:47:54 +0000
Processing by MoviesController#index as HTML
  [1m[36mMovie Load (0.5ms)[0m  [1mSELECT "movies".* FROM "movies" WHERE "movies"."rating" IN ('G', 'PG', 'PG-13', 'NC-17', 'R')[0m
  Rendered movies/index.html.haml within layouts/application (21.0ms)
Completed 200 OK in 305.5ms (Views: 102.0ms | ActiveRecord: 53.0ms)


Started GET "/assets/application.css?body=1" for 165.91.188.64 at 2016-04-01 23:47:55 +0000
Served asset /application.css - 304 Not Modified (47ms)


Started GET "/assets/jquery.js?body=1" for 165.91.188.64 at 2016-04-01 23:47:55 +0000
Served asset /jquery.js - 304 Not Modified (6ms)


Started GET "/assets/jquery_ujs.js?body=1" for 165.91.188.64 at 2016-04-01 23:47:55 +0000
Served asset /jquery_ujs.js - 304 Not Modified (2ms)


Started GET "/assets/application.js?body=1" for 165.91.188.64 at 2016-04-01 23:47:55 +0000
Served asset /application.js - 304 Not Modified (6ms)


Started GET "/movies/2" for 165.91.188.64 at 2016-04-01 23:47:58 +0000
Processing by MoviesController#show as HTML
  Parameters: {"id"=>"2"}
  [1m[35mMovie Load (0.3ms)[0m  SELECT "movies".* FROM "movies" WHERE "movies"."id" = ? LIMIT 1  [["id", "2"]]
  Rendered movies/show.html.haml within layouts/application (4.8ms)
Completed 200 OK in 15.0ms (Views: 12.3ms | ActiveRecord: 0.3ms)


Started GET "/assets/application.css?body=1" for 165.91.188.64 at 2016-04-01 23:47:58 +0000
Served asset /application.css - 304 Not Modified (0ms)


Started GET "/assets/application.js?body=1" for 165.91.188.64 at 2016-04-01 23:47:58 +0000
Served asset /application.js - 304 Not Modified (4ms)


Started GET "/assets/jquery_ujs.js?body=1" for 165.91.188.64 at 2016-04-01 23:47:58 +0000
Served asset /jquery_ujs.js - 304 Not Modified (0ms)


Started GET "/assets/jquery.js?body=1" for 165.91.188.64 at 2016-04-01 23:47:58 +0000
Served asset /jquery.js - 304 Not Modified (1ms)


Started GET "/movies/2" for 165.91.188.64 at 2016-04-01 23:48:03 +0000
Processing by MoviesController#show as HTML
  Parameters: {"id"=>"2"}
  [1m[36mMovie Load (0.3ms)[0m  [1mSELECT "movies".* FROM "movies" WHERE "movies"."id" = ? LIMIT 1[0m  [["id", "2"]]
  Rendered movies/show.html.haml within layouts/application (1.9ms)
Completed 200 OK in 15.3ms (Views: 13.4ms | ActiveRecord: 0.3ms)


Started GET "/assets/jquery.js?body=1" for 165.91.188.64 at 2016-04-01 23:48:03 +0000
Served asset /jquery.js - 304 Not Modified (1ms)


Started GET "/assets/application.css?body=1" for 165.91.188.64 at 2016-04-01 23:48:03 +0000
Served asset /application.css - 304 Not Modified (0ms)


Started GET "/assets/jquery_ujs.js?body=1" for 165.91.188.64 at 2016-04-01 23:48:03 +0000
Served asset /jquery_ujs.js - 304 Not Modified (0ms)


Started GET "/assets/application.js?body=1" for 165.91.188.64 at 2016-04-01 23:48:03 +0000
Served asset /application.js - 304 Not Modified (2ms)


Started GET "/movies/2/edit" for 165.91.188.64 at 2016-04-01 23:48:04 +0000
Processing by MoviesController#edit as HTML
  Parameters: {"id"=>"2"}
  [1m[35mMovie Load (0.2ms)[0m  SELECT "movies".* FROM "movies" WHERE "movies"."id" = ? LIMIT 1  [["id", "2"]]
  Rendered movies/edit.html.haml within layouts/application (17.9ms)
Completed 200 OK in 30.1ms (Views: 27.8ms | ActiveRecord: 0.2ms)


Started GET "/assets/application.css?body=1" for 165.91.188.64 at 2016-04-01 23:48:04 +0000
Served asset /application.css - 304 Not Modified (0ms)


Started GET "/assets/application.js?body=1" for 165.91.188.64 at 2016-04-01 23:48:04 +0000
Served asset /application.js - 304 Not Modified (5ms)


Started GET "/assets/jquery.js?body=1" for 165.91.188.64 at 2016-04-01 23:48:05 +0000
Served asset /jquery.js - 304 Not Modified (1ms)


Started GET "/assets/jquery_ujs.js?body=1" for 165.91.188.64 at 2016-04-01 23:48:05 +0000
Served asset /jquery_ujs.js - 304 Not Modified (0ms)


Started GET "/movies/" for 165.91.188.64 at 2016-04-01 23:50:30 +0000
Connecting to database specified by database.yml
Processing by MoviesController#index as HTML
  [1m[36mMovie Load (0.5ms)[0m  [1mSELECT "movies".* FROM "movies" WHERE "movies"."rating" IN ('G', 'PG', 'PG-13', 'NC-17', 'R')[0m
  Rendered movies/index.html.haml within layouts/application (84.9ms)
Completed 200 OK in 575.0ms (Views: 270.1ms | ActiveRecord: 8.2ms)


Started GET "/assets/application.css?body=1" for 165.91.188.64 at 2016-04-01 23:50:33 +0000
Served asset /application.css - 304 Not Modified (2ms)


Started GET "/assets/application.js?body=1" for 165.91.188.64 at 2016-04-01 23:50:33 +0000
Served asset /application.js - 304 Not Modified (62ms)


Started GET "/assets/jquery_ujs.js?body=1" for 165.91.188.64 at 2016-04-01 23:50:34 +0000
Served asset /jquery_ujs.js - 304 Not Modified (4ms)


Started GET "/assets/jquery.js?body=1" for 165.91.188.64 at 2016-04-01 23:50:34 +0000
Served asset /jquery.js - 304 Not Modified (4ms)


Started GET "/movies/1" for 165.91.188.64 at 2016-04-01 23:50:37 +0000
Processing by MoviesController#show as HTML
  Parameters: {"id"=>"1"}
  [1m[35mMovie Load (0.4ms)[0m  SELECT "movies".* FROM "movies" WHERE "movies"."id" = ? LIMIT 1  [["id", "1"]]
  Rendered movies/show.html.haml within layouts/application (6.1ms)
Completed 200 OK in 23.9ms (Views: 20.0ms | ActiveRecord: 0.4ms)


Started GET "/assets/jquery_ujs.js?body=1" for 165.91.188.64 at 2016-04-01 23:50:37 +0000
Served asset /jquery_ujs.js - 304 Not Modified (0ms)


Started GET "/assets/application.js?body=1" for 165.91.188.64 at 2016-04-01 23:50:37 +0000
Served asset /application.js - 304 Not Modified (2ms)


Started GET "/assets/application.css?body=1" for 165.91.188.64 at 2016-04-01 23:50:37 +0000
Served asset /application.css - 304 Not Modified (0ms)


Started GET "/assets/jquery.js?body=1" for 165.91.188.64 at 2016-04-01 23:50:37 +0000
Served asset /jquery.js - 304 Not Modified (1ms)


Started GET "/movies/1/edit" for 165.91.188.64 at 2016-04-01 23:50:39 +0000
Processing by MoviesController#edit as HTML
  Parameters: {"id"=>"1"}
  [1m[36mMovie Load (0.3ms)[0m  [1mSELECT "movies".* FROM "movies" WHERE "movies"."id" = ? LIMIT 1[0m  [["id", "1"]]
  Rendered movies/edit.html.haml within layouts/application (17.5ms)
Completed 200 OK in 31.0ms (Views: 28.3ms | ActiveRecord: 0.3ms)


Started GET "/assets/application.js?body=1" for 165.91.188.64 at 2016-04-01 23:50:39 +0000
Served asset /application.js - 304 Not Modified (2ms)


Started GET "/assets/jquery.js?body=1" for 165.91.188.64 at 2016-04-01 23:50:39 +0000
Served asset /jquery.js - 304 Not Modified (1ms)


Started GET "/assets/application.css?body=1" for 165.91.188.64 at 2016-04-01 23:50:39 +0000
Served asset /application.css - 304 Not Modified (0ms)


Started GET "/assets/jquery_ujs.js?body=1" for 165.91.188.64 at 2016-04-01 23:50:39 +0000
Served asset /jquery_ujs.js - 304 Not Modified (0ms)


Started PUT "/movies/1" for 165.91.188.64 at 2016-04-01 23:50:46 +0000
Processing by MoviesController#update as HTML
  Parameters: {"utf8"=>"✓", "authenticity_token"=>"801b3k56O+pr7UJ9SWyxdD+nM4JkXVawrX7PTkT6Syk=", "movie"=>{"title"=>"Aladdin", "rating"=>"G", "release_date(1i)"=>"1992", "release_date(2i)"=>"11", "release_date(3i)"=>"25", "director"=>"Sid"}, "commit"=>"Update Movie Info", "id"=>"1"}
  [1m[35mMovie Load (0.3ms)[0m  SELECT "movies".* FROM "movies" WHERE "movies"."id" = ? LIMIT 1  [["id", "1"]]
  [1m[36m (0.1ms)[0m  [1mbegin transaction[0m
WARNING: Can't mass-assign protected attributes: director
  [1m[35m (0.1ms)[0m  commit transaction
Redirected to https://homework4-gbhutra.c9users.io/movies/1
Completed 302 Found in 6.0ms (ActiveRecord: 0.4ms)


Started GET "/movies/1" for 165.91.188.64 at 2016-04-01 23:50:46 +0000
Processing by MoviesController#show as HTML
  Parameters: {"id"=>"1"}
  [1m[36mMovie Load (0.3ms)[0m  [1mSELECT "movies".* FROM "movies" WHERE "movies"."id" = ? LIMIT 1[0m  [["id", "1"]]
  Rendered movies/show.html.haml within layouts/application (1.8ms)
Completed 200 OK in 12.7ms (Views: 11.1ms | ActiveRecord: 0.3ms)


Started GET "/assets/jquery.js?body=1" for 165.91.188.64 at 2016-04-01 23:50:47 +0000
Served asset /jquery.js - 304 Not Modified (1ms)


Started GET "/assets/application.css?body=1" for 165.91.188.64 at 2016-04-01 23:50:47 +0000
Served asset /application.css - 304 Not Modified (0ms)


Started GET "/assets/jquery_ujs.js?body=1" for 165.91.188.64 at 2016-04-01 23:50:47 +0000
Served asset /jquery_ujs.js - 304 Not Modified (0ms)


Started GET "/assets/application.js?body=1" for 165.91.188.64 at 2016-04-01 23:50:47 +0000
Served asset /application.js - 304 Not Modified (2ms)


Started GET "/movies" for 165.91.188.64 at 2016-04-01 23:51:40 +0000
Processing by MoviesController#index as HTML
  [1m[35mMovie Load (0.5ms)[0m  SELECT "movies".* FROM "movies" WHERE "movies"."rating" IN ('G', 'PG', 'PG-13', 'NC-17', 'R')
  Rendered movies/index.html.haml within layouts/application (10.3ms)
Completed 200 OK in 25.1ms (Views: 22.2ms | ActiveRecord: 0.5ms)


Started GET "/assets/application.css?body=1" for 165.91.188.64 at 2016-04-01 23:51:40 +0000
Served asset /application.css - 304 Not Modified (0ms)


Started GET "/assets/jquery.js?body=1" for 165.91.188.64 at 2016-04-01 23:51:40 +0000
Served asset /jquery.js - 304 Not Modified (1ms)


Started GET "/assets/application.js?body=1" for 165.91.188.64 at 2016-04-01 23:51:40 +0000
Served asset /application.js - 304 Not Modified (2ms)


Started GET "/assets/jquery_ujs.js?body=1" for 165.91.188.64 at 2016-04-01 23:51:40 +0000
Served asset /jquery_ujs.js - 304 Not Modified (0ms)


Started GET "/movies/1" for 165.91.188.64 at 2016-04-01 23:51:42 +0000
Processing by MoviesController#show as HTML
  Parameters: {"id"=>"1"}
  [1m[36mMovie Load (0.4ms)[0m  [1mSELECT "movies".* FROM "movies" WHERE "movies"."id" = ? LIMIT 1[0m  [["id", "1"]]
  Rendered movies/show.html.haml within layouts/application (2.2ms)
Completed 200 OK in 12.6ms (Views: 10.5ms | ActiveRecord: 0.4ms)


Started GET "/assets/jquery_ujs.js?body=1" for 165.91.188.64 at 2016-04-01 23:51:42 +0000
Served asset /jquery_ujs.js - 304 Not Modified (1ms)


Started GET "/assets/application.css?body=1" for 165.91.188.64 at 2016-04-01 23:51:42 +0000
Served asset /application.css - 304 Not Modified (0ms)


Started GET "/assets/application.js?body=1" for 165.91.188.64 at 2016-04-01 23:51:42 +0000
Served asset /application.js - 304 Not Modified (4ms)


Started GET "/assets/jquery.js?body=1" for 165.91.188.64 at 2016-04-01 23:51:42 +0000
Served asset /jquery.js - 304 Not Modified (1ms)


Started GET "/movies/1/edit" for 165.91.188.64 at 2016-04-01 23:51:45 +0000
Processing by MoviesController#edit as HTML
  Parameters: {"id"=>"1"}
  [1m[35mMovie Load (0.3ms)[0m  SELECT "movies".* FROM "movies" WHERE "movies"."id" = ? LIMIT 1  [["id", "1"]]
  Rendered movies/edit.html.haml within layouts/application (6.5ms)
Completed 200 OK in 16.9ms (Views: 15.2ms | ActiveRecord: 0.3ms)


Started GET "/assets/jquery_ujs.js?body=1" for 165.91.188.64 at 2016-04-01 23:51:45 +0000
Served asset /jquery_ujs.js - 304 Not Modified (6ms)


Started GET "/assets/application.js?body=1" for 165.91.188.64 at 2016-04-01 23:51:45 +0000
Served asset /application.js - 304 Not Modified (2ms)


Started GET "/assets/jquery.js?body=1" for 165.91.188.64 at 2016-04-01 23:51:45 +0000
Served asset /jquery.js - 304 Not Modified (1ms)


Started GET "/assets/application.css?body=1" for 165.91.188.64 at 2016-04-01 23:51:45 +0000
Served asset /application.css - 304 Not Modified (0ms)


Started PUT "/movies/1" for 165.91.188.64 at 2016-04-01 23:52:01 +0000
Processing by MoviesController#update as HTML
  Parameters: {"utf8"=>"✓", "authenticity_token"=>"801b3k56O+pr7UJ9SWyxdD+nM4JkXVawrX7PTkT6Syk=", "movie"=>{"title"=>"Aladdin new", "rating"=>"G", "release_date(1i)"=>"1992", "release_date(2i)"=>"11", "release_date(3i)"=>"25", "director"=>"Director"}, "commit"=>"Update Movie Info", "id"=>"1"}
  [1m[36mMovie Load (0.2ms)[0m  [1mSELECT "movies".* FROM "movies" WHERE "movies"."id" = ? LIMIT 1[0m  [["id", "1"]]
  [1m[35m (0.1ms)[0m  begin transaction
WARNING: Can't mass-assign protected attributes: director
  [1m[36m (12.4ms)[0m  [1mUPDATE "movies" SET "title" = 'Aladdin new', "updated_at" = '2016-04-01 23:52:01.764001' WHERE "movies"."id" = 1[0m
  [1m[35m (13.9ms)[0m  commit transaction
Redirected to https://homework4-gbhutra.c9users.io/movies/1
Completed 302 Found in 95.0ms (ActiveRecord: 26.6ms)


Started GET "/movies/1" for 165.91.188.64 at 2016-04-01 23:52:01 +0000
Processing by MoviesController#show as HTML
  Parameters: {"id"=>"1"}
  [1m[36mMovie Load (0.3ms)[0m  [1mSELECT "movies".* FROM "movies" WHERE "movies"."id" = ? LIMIT 1[0m  [["id", "1"]]
  Rendered movies/show.html.haml within layouts/application (2.5ms)
Completed 200 OK in 14.9ms (Views: 12.7ms | ActiveRecord: 0.3ms)


Started GET "/assets/application.css?body=1" for 165.91.188.64 at 2016-04-01 23:52:02 +0000
Served asset /application.css - 304 Not Modified (2ms)


Started GET "/assets/jquery.js?body=1" for 165.91.188.64 at 2016-04-01 23:52:02 +0000
Served asset /jquery.js - 304 Not Modified (1ms)


Started GET "/assets/jquery_ujs.js?body=1" for 165.91.188.64 at 2016-04-01 23:52:02 +0000
Served asset /jquery_ujs.js - 304 Not Modified (1ms)


Started GET "/assets/application.js?body=1" for 165.91.188.64 at 2016-04-01 23:52:02 +0000
Served asset /application.js - 304 Not Modified (2ms)
Connecting to database specified by database.yml
Connecting to database specified by database.yml


Started GET "/movies" for 165.91.188.64 at 2016-04-02 00:02:58 +0000
Connecting to database specified by database.yml
Processing by MoviesController#index as HTML
  [1m[36mMovie Load (0.5ms)[0m  [1mSELECT "movies".* FROM "movies" WHERE "movies"."rating" IN ('G', 'PG', 'PG-13', 'NC-17', 'R')[0m
  Rendered movies/index.html.haml within layouts/application (398.1ms)
Completed 200 OK in 1794.0ms (Views: 979.7ms | ActiveRecord: 165.3ms)


Started GET "/assets/jquery_ujs.js?body=1" for 165.91.188.64 at 2016-04-02 00:03:07 +0000
Served asset /jquery_ujs.js - 304 Not Modified (7ms)


Started GET "/assets/jquery.js?body=1" for 165.91.188.64 at 2016-04-02 00:03:07 +0000
Served asset /jquery.js - 304 Not Modified (164ms)


Started GET "/assets/application.js?body=1" for 165.91.188.64 at 2016-04-02 00:03:07 +0000
Served asset /application.js - 304 Not Modified (9ms)


Started GET "/assets/application.css?body=1" for 165.91.188.64 at 2016-04-02 00:03:07 +0000
Served asset /application.css - 304 Not Modified (2ms)


Started GET "/movies/1" for 165.91.188.64 at 2016-04-02 00:03:10 +0000
Processing by MoviesController#show as HTML
  Parameters: {"id"=>"1"}
  [1m[35mMovie Load (0.3ms)[0m  SELECT "movies".* FROM "movies" WHERE "movies"."id" = ? LIMIT 1  [["id", "1"]]
  Rendered movies/show.html.haml within layouts/application (4.4ms)
Completed 200 OK in 15.4ms (Views: 12.7ms | ActiveRecord: 0.3ms)


Started GET "/assets/application.css?body=1" for 165.91.188.64 at 2016-04-02 00:03:10 +0000
Served asset /application.css - 304 Not Modified (3ms)


Started GET "/assets/jquery.js?body=1" for 165.91.188.64 at 2016-04-02 00:03:10 +0000
Served asset /jquery.js - 304 Not Modified (1ms)


Started GET "/assets/application.js?body=1" for 165.91.188.64 at 2016-04-02 00:03:10 +0000
Served asset /application.js - 304 Not Modified (2ms)


Started GET "/assets/jquery_ujs.js?body=1" for 165.91.188.64 at 2016-04-02 00:03:10 +0000
Served asset /jquery_ujs.js - 304 Not Modified (0ms)


Started GET "/movies/1/edit" for 165.91.188.64 at 2016-04-02 00:03:12 +0000
Processing by MoviesController#edit as HTML
  Parameters: {"id"=>"1"}
  [1m[36mMovie Load (0.2ms)[0m  [1mSELECT "movies".* FROM "movies" WHERE "movies"."id" = ? LIMIT 1[0m  [["id", "1"]]
  Rendered movies/edit.html.haml within layouts/application (12.4ms)
Completed 200 OK in 25.4ms (Views: 23.1ms | ActiveRecord: 0.2ms)


Started GET "/assets/application.css?body=1" for 165.91.188.64 at 2016-04-02 00:03:12 +0000
Served asset /application.css - 304 Not Modified (1ms)


Started GET "/assets/application.js?body=1" for 165.91.188.64 at 2016-04-02 00:03:12 +0000
Served asset /application.js - 304 Not Modified (5ms)


Started GET "/assets/jquery_ujs.js?body=1" for 165.91.188.64 at 2016-04-02 00:03:12 +0000
Served asset /jquery_ujs.js - 304 Not Modified (0ms)


Started GET "/assets/jquery.js?body=1" for 165.91.188.64 at 2016-04-02 00:03:12 +0000
Served asset /jquery.js - 304 Not Modified (1ms)


Started PUT "/movies/1" for 165.91.188.64 at 2016-04-02 00:03:16 +0000
Processing by MoviesController#update as HTML
  Parameters: {"utf8"=>"✓", "authenticity_token"=>"801b3k56O+pr7UJ9SWyxdD+nM4JkXVawrX7PTkT6Syk=", "movie"=>{"title"=>"Aladdin new", "rating"=>"G", "release_date(1i)"=>"1992", "release_date(2i)"=>"11", "release_date(3i)"=>"25", "director"=>"Sid"}, "commit"=>"Update Movie Info", "id"=>"1"}
  [1m[35mMovie Load (0.2ms)[0m  SELECT "movies".* FROM "movies" WHERE "movies"."id" = ? LIMIT 1  [["id", "1"]]
  [1m[36m (0.1ms)[0m  [1mbegin transaction[0m
  [1m[35m (10.4ms)[0m  UPDATE "movies" SET "director" = 'Sid', "updated_at" = '2016-04-02 00:03:16.060000' WHERE "movies"."id" = 1
  [1m[36m (12.7ms)[0m  [1mcommit transaction[0m
Redirected to https://homework4-gbhutra.c9users.io/movies/1
Completed 302 Found in 203.2ms (ActiveRecord: 23.3ms)


Started PUT "/movies/1" for 165.91.188.64 at 2016-04-02 00:03:16 +0000
Processing by MoviesController#update as HTML
  Parameters: {"utf8"=>"✓", "authenticity_token"=>"801b3k56O+pr7UJ9SWyxdD+nM4JkXVawrX7PTkT6Syk=", "movie"=>{"title"=>"Aladdin new", "rating"=>"G", "release_date(1i)"=>"1992", "release_date(2i)"=>"11", "release_date(3i)"=>"25", "director"=>"Sid"}, "commit"=>"Update Movie Info", "id"=>"1"}
  [1m[35mMovie Load (0.2ms)[0m  SELECT "movies".* FROM "movies" WHERE "movies"."id" = ? LIMIT 1  [["id", "1"]]
  [1m[36m (0.1ms)[0m  [1mbegin transaction[0m
  [1m[35m (0.0ms)[0m  commit transaction
Redirected to https://homework4-gbhutra.c9users.io/movies/1
Completed 302 Found in 3.6ms (ActiveRecord: 0.3ms)


Started GET "/movies/1" for 165.91.188.64 at 2016-04-02 00:03:16 +0000
Processing by MoviesController#show as HTML
  Parameters: {"id"=>"1"}
  [1m[36mMovie Load (0.2ms)[0m  [1mSELECT "movies".* FROM "movies" WHERE "movies"."id" = ? LIMIT 1[0m  [["id", "1"]]
  Rendered movies/show.html.haml within layouts/application (1.8ms)
Completed 200 OK in 10.0ms (Views: 9.0ms | ActiveRecord: 0.2ms)


Started GET "/assets/jquery_ujs.js?body=1" for 165.91.188.64 at 2016-04-02 00:03:16 +0000
Served asset /jquery_ujs.js - 304 Not Modified (2ms)


Started GET "/assets/application.css?body=1" for 165.91.188.64 at 2016-04-02 00:03:16 +0000
Served asset /application.css - 304 Not Modified (1ms)


Started GET "/assets/jquery.js?body=1" for 165.91.188.64 at 2016-04-02 00:03:16 +0000
Served asset /jquery.js - 304 Not Modified (1ms)


Started GET "/assets/application.js?body=1" for 165.91.188.64 at 2016-04-02 00:03:16 +0000
Served asset /application.js - 304 Not Modified (1ms)
